<?xml version="1.0" encoding="UTF-8"?>
<!-- Generated by org.testng.reporters.JUnitReportReporter -->
<testsuite hostname="DESKTOP-5U1OGUE" failures="0" tests="1" name="com.example.AppTest" time="0.039" errors="0" timestamp="2022-10-15T21:08:34 IST" skipped="0">
  <testcase classname="com.example.AppTest" name="test1" time="0.039"/>
</testsuite> <!-- com.example.AppTest -->
